<?xml version="1.0" encoding="UTF-8"?>
<testng-results skipped="0" failed="0" ignored="0" total="1" passed="1">
  <reporter-output>
  </reporter-output>
  <suite name="Default suite" duration-ms="29673" started-at="2020-01-12T13:38:00 IST" finished-at="2020-01-12T13:38:30 IST">
    <groups>
    </groups>
    <test name="Default test" duration-ms="29673" started-at="2020-01-12T13:38:00 IST" finished-at="2020-01-12T13:38:30 IST">
      <class name="org.techAltum.com.TC01">
        <test-method status="PASS" signature="openBrowser()[pri:0, instance:org.techAltum.com.TC01@1f7030a6]" name="openBrowser" is-config="true" duration-ms="10643" started-at="2020-01-12T13:38:00 IST" finished-at="2020-01-12T13:38:11 IST">
          <reporter-output>
          </reporter-output>
        </test-method> <!-- openBrowser -->
        <test-method status="PASS" signature="testCase01()[pri:0, instance:org.techAltum.com.TC01@1f7030a6]" name="testCase01" duration-ms="18981" started-at="2020-01-12T13:38:11 IST" finished-at="2020-01-12T13:38:30 IST">
          <reporter-output>
          </reporter-output>
        </test-method> <!-- testCase01 -->
        <test-method status="PASS" signature="closeBrowser(org.testng.ITestResult)[pri:0, instance:org.techAltum.com.TC01@1f7030a6]" name="closeBrowser" is-config="true" duration-ms="3" started-at="2020-01-12T13:38:30 IST" finished-at="2020-01-12T13:38:30 IST">
          <params>
            <param index="0">
              <value>
                <![CDATA[[TestResult name=testCase01 status=SUCCESS method=TC01.testCase01()[pri:0, instance:org.techAltum.com.TC01@1f7030a6] output={null}]]]>
              </value>
            </param>
          </params>
          <reporter-output>
          </reporter-output>
        </test-method> <!-- closeBrowser -->
      </class> <!-- org.techAltum.com.TC01 -->
    </test> <!-- Default test -->
  </suite> <!-- Default suite -->
</testng-results>
